# JRE version: OpenJDK Runtime Environment (25.0.3) (build 25.0.3)
# Java VM: OpenJDK 64-Bit Server VM (25.0.3, mixed mode, sharing, tiered, compressed oops, compressed class ptrs, g1 gc, linux-amd64)
GC Precious Log:
 CardTable entry size: 512
 Card Set container configuration: InlinePtr #cards 5 size 8 Array Of Cards #cards 10 size 36 Howl #buckets 4 coarsen threshold 1843 Howl Bitmap #cards 512 size 80 coarsen threshold 460 Card regions per heap region 1 cards per card region 2048
 CPUs: 4 total, 4 available
 Memory: 15729M
 Large Page Support: Disabled
 NUMA Support: Disabled
 Compressed Oops: Enabled (32-bit)
 Heap Region Size: 1M
 Heap Min Capacity: 64M
 Heap Initial Capacity: 64M
 Heap Max Capacity: 1G
 Pre-touch: Disabled
 Parallel Workers: 4
 Concurrent Workers: 1
 Concurrent Refinement Workers: 4
 Periodic GC: Disabled
Heap:
 garbage-first heap   total reserved 1048576K, committed 135168K, used 60236K [0x00000000c0000000, 0x0000000100000000)
  region size 1024K, 26 young (26624K), 2 survivors (2048K)
GC Heap Usage History (20 events):
Event: 4,315 {heap Before GC invocations=2 (full 0):
 garbage-first heap   total reserved 1048576K, committed 67584K, used 39430K [0x00000000c0000000, 0x0000000100000000)
  region size 1024K, 32 young (32768K), 4 survivors (4096K)
}
Event: 4,327 {heap After GC invocations=3 (full 0):
 garbage-first heap   total reserved 1048576K, committed 67584K, used 11550K [0x00000000c0000000, 0x0000000100000000)
  region size 1024K, 4 young (4096K), 4 survivors (4096K)
}
Event: 5,001 {heap Before GC invocations=3 (full 0):
 garbage-first heap   total reserved 1048576K, committed 67584K, used 43294K [0x00000000c0000000, 0x0000000100000000)
  region size 1024K, 35 young (35840K), 4 survivors (4096K)
}
Event: 5,044 {heap After GC invocations=4 (full 0):
 garbage-first heap   total reserved 1048576K, committed 67584K, used 25592K [0x00000000c0000000, 0x0000000100000000)
  region size 1024K, 5 young (5120K), 5 survivors (5120K)
}
Event: 5,208 {heap Before GC invocations=4 (full 0):
 garbage-first heap   total reserved 1048576K, committed 67584K, used 45048K [0x00000000c0000000, 0x0000000100000000)
  region size 1024K, 24 young (24576K), 5 survivors (5120K)
}
Event: 5,267 {heap After GC invocations=5 (full 0):
 garbage-first heap   total reserved 1048576K, committed 67584K, used 41603K [0x00000000c0000000, 0x0000000100000000)
  region size 1024K, 3 young (3072K), 3 survivors (3072K)
}
Event: 5,399 {heap Before GC invocations=5 (full 0):
 garbage-first heap   total reserved 1048576K, committed 67584K, used 50819K [0x00000000c0000000, 0x0000000100000000)
  region size 1024K, 12 young (12288K), 3 survivors (3072K)
}
Event: 5,419 {heap After GC invocations=6 (full 0):
 garbage-first heap   total reserved 1048576K, committed 135168K, used 47747K [0x00000000c0000000, 0x0000000100000000)
  region size 1024K, 2 young (2048K), 2 survivors (2048K)
}
Event: 5,870 {heap Before GC invocations=7 (full 0):
 garbage-first heap   total reserved 1048576K, committed 135168K, used 82563K [0x00000000c0000000, 0x0000000100000000)
  region size 1024K, 36 young (36864K), 2 survivors (2048K)
}
Event: 5,909 {heap After GC invocations=8 (full 0):
 garbage-first heap   total reserved 1048576K, committed 135168K, used 55427K [0x00000000c0000000, 0x0000000100000000)
  region size 1024K, 5 young (5120K), 5 survivors (5120K)
}
Event: 6,870 {heap Before GC invocations=8 (full 0):
 garbage-first heap   total reserved 1048576K, committed 135168K, used 89219K [0x00000000c0000000, 0x0000000100000000)
  region size 1024K, 38 young (38912K), 5 survivors (5120K)
}
Event: 6,895 {heap After GC invocations=9 (full 0):
 garbage-first heap   total reserved 1048576K, committed 135168K, used 61933K [0x00000000c0000000, 0x0000000100000000)
  region size 1024K, 5 young (5120K), 5 survivors (5120K)
}
Event: 8,330 {heap Before GC invocations=9 (full 0):
 garbage-first heap   total reserved 1048576K, committed 135168K, used 94701K [0x00000000c0000000, 0x0000000100000000)
  region size 1024K, 38 young (38912K), 5 survivors (5120K)
}
Event: 8,351 {heap After GC invocations=10 (full 0):
 garbage-first heap   total reserved 1048576K, committed 135168K, used 67863K [0x00000000c0000000, 0x0000000100000000)
  region size 1024K, 5 young (5120K), 5 survivors (5120K)
}
Event: 10,231 {heap Before GC invocations=10 (full 0):
 garbage-first heap   total reserved 1048576K, committed 135168K, used 92439K [0x00000000c0000000, 0x0000000100000000)
  region size 1024K, 31 young (31744K), 5 survivors (5120K)
}
Event: 10,245 {heap After GC invocations=11 (full 0):
 garbage-first heap   total reserved 1048576K, committed 135168K, used 72416K [0x00000000c0000000, 0x0000000100000000)
  region size 1024K, 5 young (5120K), 5 survivors (5120K)
}
Event: 10,619 {heap Before GC invocations=12 (full 0):
 garbage-first heap   total reserved 1048576K, committed 135168K, used 79584K [0x00000000c0000000, 0x0000000100000000)
  region size 1024K, 38 young (38912K), 5 survivors (5120K)
}
Event: 10,633 {heap After GC invocations=13 (full 0):
 garbage-first heap   total reserved 1048576K, committed 135168K, used 47429K [0x00000000c0000000, 0x0000000100000000)
  region size 1024K, 2 young (2048K), 2 survivors (2048K)
}
Event: 10,761 {heap Before GC invocations=13 (full 0):
 garbage-first heap   total reserved 1048576K, committed 135168K, used 96581K [0x00000000c0000000, 0x0000000100000000)
  region size 1024K, 50 young (51200K), 2 survivors (2048K)
}
Event: 10,772 {heap After GC invocations=14 (full 0):
 garbage-first heap   total reserved 1048576K, committed 135168K, used 32588K [0x00000000c0000000, 0x0000000100000000)
  region size 1024K, 2 young (2048K), 2 survivors (2048K)
}

